app/build-f01-isolated/intermediates/manifest_merge_blame_file/debug/processDebugMainManifest/manifest-merger-blame-debug-report.txt
1<?xml version="1.0" encoding="utf-8"?>
2<manifest xmlns:android="http://schemas.android.com/apk/res/android"
3    package="com.adsamcik.tracker.debug"
4    android:versionCode="385"
5    android:versionName="2025.1.0" >
6
7    <uses-sdk
7-->INJECTED
8        android:minSdkVersion="26"
8-->INJECTED
9        android:targetSdkVersion="36" />
9-->INJECTED
10
11    <uses-feature
11-->src\main\AndroidManifest.xml:5:5-7:35
12        android:name="android.hardware.location.gps"
12-->src\main\AndroidManifest.xml:6:9-53
13        android:required="true" />
13-->src\main\AndroidManifest.xml:7:9-32
14    <uses-feature
14-->src\main\AndroidManifest.xml:8:5-10:36
15        android:name="android.hardware.telephony"
15-->src\main\AndroidManifest.xml:9:9-50
16        android:required="false" />
16-->src\main\AndroidManifest.xml:10:9-33
17    <uses-feature
17-->src\main\AndroidManifest.xml:11:5-13:36
18        android:name="android.hardware.wifi"
18-->src\main\AndroidManifest.xml:12:9-45
19        android:required="false" />
19-->src\main\AndroidManifest.xml:13:9-33
20    <uses-feature
20-->src\main\AndroidManifest.xml:14:5-16:36
21        android:name="android.hardware.sensor.stepcounter"
21-->src\main\AndroidManifest.xml:15:9-59
22        android:required="false" />
22-->src\main\AndroidManifest.xml:16:9-33
23
24    <uses-permission android:name="android.permission.ACCESS_FINE_LOCATION" />
24-->src\main\AndroidManifest.xml:18:5-79
24-->src\main\AndroidManifest.xml:18:22-76
25    <uses-permission android:name="android.permission.ACCESS_COARSE_LOCATION" />
25-->src\main\AndroidManifest.xml:19:5-81
25-->src\main\AndroidManifest.xml:19:22-78
26    <uses-permission android:name="android.permission.ACCESS_BACKGROUND_LOCATION" />
26-->src\main\AndroidManifest.xml:20:5-85
26-->src\main\AndroidManifest.xml:20:22-82
27    <uses-permission android:name="android.permission.ACCESS_NETWORK_STATE" />
27-->src\main\AndroidManifest.xml:21:5-79
27-->src\main\AndroidManifest.xml:21:22-76
28    <uses-permission android:name="android.permission.READ_PHONE_STATE" />
28-->src\main\AndroidManifest.xml:22:5-75
28-->src\main\AndroidManifest.xml:22:22-72
29    <uses-permission android:name="android.permission.WAKE_LOCK" />
29-->src\main\AndroidManifest.xml:23:5-68
29-->src\main\AndroidManifest.xml:23:22-65
30    <uses-permission android:name="android.permission.RECEIVE_BOOT_COMPLETED" />
30-->src\main\AndroidManifest.xml:24:5-81
30-->src\main\AndroidManifest.xml:24:22-78
31    <uses-permission android:name="android.permission.FOREGROUND_SERVICE" />
31-->src\main\AndroidManifest.xml:25:5-77
31-->src\main\AndroidManifest.xml:25:22-74
32    <uses-permission android:name="android.permission.POST_NOTIFICATIONS" />
32-->src\main\AndroidManifest.xml:26:5-76
32-->src\main\AndroidManifest.xml:26:22-74
33    <!-- API 33+: Required for Wi‑Fi scanning without location; see Onboarding permission mapping -->
34    <uses-permission android:name="android.permission.NEARBY_WIFI_DEVICES" />
34-->src\main\AndroidManifest.xml:28:5-78
34-->src\main\AndroidManifest.xml:28:22-75
35    <uses-permission android:name="android.permission.CHANGE_WIFI_STATE" />
35-->[:tracker] AndroidManifest.xml:21:5-76
35-->[:tracker] AndroidManifest.xml:21:22-73
36    <uses-permission android:name="android.permission.ACCESS_WIFI_STATE" />
36-->[:tracker] AndroidManifest.xml:22:5-76
36-->[:tracker] AndroidManifest.xml:22:22-73
37    <uses-permission android:name="android.permission.FOREGROUND_SERVICE_LOCATION" />
37-->[:tracker] AndroidManifest.xml:27:5-86
37-->[:tracker] AndroidManifest.xml:27:22-83
38    <uses-permission android:name="android.permission.FOREGROUND_SERVICE_SPECIAL_USE" />
38-->[:tracker] AndroidManifest.xml:28:5-89
38-->[:tracker] AndroidManifest.xml:28:22-86
39
40    <permission
40-->[:tracker] AndroidManifest.xml:30:5-32:47
41        android:name="com.adsamcik.tracker.debug.permission.TRACKER"
41-->[:tracker] AndroidManifest.xml:31:9-59
42        android:protectionLevel="signature" />
42-->[:tracker] AndroidManifest.xml:32:9-44
43
44    <uses-permission android:name="com.google.android.gms.permission.ACTIVITY_RECOGNITION" />
44-->[:activity] AndroidManifest.xml:7:5-94
44-->[:activity] AndroidManifest.xml:7:22-91
45    <uses-permission android:name="android.permission.ACTIVITY_RECOGNITION" />
45-->[:activity] AndroidManifest.xml:8:5-79
45-->[:activity] AndroidManifest.xml:8:22-76
46    <uses-permission android:name="com.adsamcik.tracker.debug.permission.TRACKER" />
46-->[:activity] AndroidManifest.xml:9:5-75
46-->[:activity] AndroidManifest.xml:9:22-72
47
48    <permission
48-->[androidx.core:core:1.16.0] AndroidManifest.xml:22:5-24:47
49        android:name="com.adsamcik.tracker.debug.DYNAMIC_RECEIVER_NOT_EXPORTED_PERMISSION"
49-->[androidx.core:core:1.16.0] AndroidManifest.xml:23:9-81
50        android:protectionLevel="signature" />
50-->[androidx.core:core:1.16.0] AndroidManifest.xml:24:9-44
51
52    <uses-permission android:name="com.adsamcik.tracker.debug.DYNAMIC_RECEIVER_NOT_EXPORTED_PERMISSION" />
52-->[androidx.core:core:1.16.0] AndroidManifest.xml:26:5-97
52-->[androidx.core:core:1.16.0] AndroidManifest.xml:26:22-94
53
54    <application
54-->src\main\AndroidManifest.xml:32:5-133:19
55        android:name="com.adsamcik.tracker.app.Application"
55-->src\main\AndroidManifest.xml:33:9-60
56        android:allowBackup="false"
56-->src\main\AndroidManifest.xml:34:9-36
57        android:appComponentFactory="androidx.core.app.CoreComponentFactory"
57-->[androidx.core:core:1.16.0] AndroidManifest.xml:28:18-86
58        android:debuggable="true"
59        android:enableOnBackInvokedCallback="true"
59-->src\main\AndroidManifest.xml:35:9-51
60        android:extractNativeLibs="false"
60-->INJECTED
61        android:fullBackupContent="false"
61-->src\main\AndroidManifest.xml:36:9-42
62        android:icon="@mipmap/ic_launcher"
62-->src\main\AndroidManifest.xml:37:9-43
63        android:label="@string/app_name"
63-->src\main\AndroidManifest.xml:38:9-41
64        android:supportsRtl="true"
64-->src\main\AndroidManifest.xml:39:9-35
65        android:theme="@style/AppTheme" >
65-->src\main\AndroidManifest.xml:40:9-40
66        <meta-data
66-->src\main\AndroidManifest.xml:44:9-46:34
67            android:name="android.max_aspect"
67-->src\main\AndroidManifest.xml:45:13-46
68            android:value="10" />
68-->src\main\AndroidManifest.xml:46:13-31
69
70        <provider
70-->INJECTED
71            android:name="androidx.core.content.FileProvider"
71-->src\main\AndroidManifest.xml:49:13-62
72            android:authorities="com.adsamcik.tracker.debug.fileprovider"
72-->INJECTED
73            android:exported="false"
73-->src\main\AndroidManifest.xml:51:13-37
74            android:grantUriPermissions="true" >
74-->src\main\AndroidManifest.xml:52:13-47
75            <meta-data
75-->src\main\AndroidManifest.xml:53:13-55:58
76                android:name="android.support.FILE_PROVIDER_PATHS"
76-->src\main\AndroidManifest.xml:54:17-67
77                android:resource="@xml/sharable_paths" />
77-->src\main\AndroidManifest.xml:55:17-55
78        </provider>
79        <provider
79-->INJECTED
80            android:name="androidx.startup.InitializationProvider"
80-->src\main\AndroidManifest.xml:59:13-67
81            android:authorities="com.adsamcik.tracker.debug.androidx-startup"
81-->INJECTED
82            android:exported="false" >
82-->src\main\AndroidManifest.xml:61:13-37
83            <meta-data
83-->[androidx.emoji2:emoji2:1.4.0] AndroidManifest.xml:29:13-31:52
84                android:name="androidx.emoji2.text.EmojiCompatInitializer"
84-->[androidx.emoji2:emoji2:1.4.0] AndroidManifest.xml:30:17-75
85                android:value="androidx.startup" />
85-->[androidx.emoji2:emoji2:1.4.0] AndroidManifest.xml:31:17-49
86            <meta-data
86-->[androidx.lifecycle:lifecycle-process:2.10.0] AndroidManifest.xml:29:13-31:52
87                android:name="androidx.lifecycle.ProcessLifecycleInitializer"
87-->[androidx.lifecycle:lifecycle-process:2.10.0] AndroidManifest.xml:30:17-78
88                android:value="androidx.startup" />
88-->[androidx.lifecycle:lifecycle-process:2.10.0] AndroidManifest.xml:31:17-49
89            <meta-data
89-->[androidx.profileinstaller:profileinstaller:1.4.0] AndroidManifest.xml:29:13-31:52
90                android:name="androidx.profileinstaller.ProfileInstallerInitializer"
90-->[androidx.profileinstaller:profileinstaller:1.4.0] AndroidManifest.xml:30:17-85
91                android:value="androidx.startup" />
91-->[androidx.profileinstaller:profileinstaller:1.4.0] AndroidManifest.xml:31:17-49
92        </provider>
93
94        <activity
94-->src\main\AndroidManifest.xml:71:9-82:20
95            android:name="com.adsamcik.tracker.app.activity.MainActivityCompose"
95-->src\main\AndroidManifest.xml:72:13-81
96            android:exported="true"
96-->src\main\AndroidManifest.xml:73:13-36
97            android:launchMode="singleInstance"
97-->src\main\AndroidManifest.xml:74:13-48
98            android:resizeableActivity="true"
98-->src\main\AndroidManifest.xml:75:13-46
99            android:theme="@style/AppTheme.Launcher"
99-->src\main\AndroidManifest.xml:76:13-53
100            android:windowSoftInputMode="adjustResize" >
100-->src\main\AndroidManifest.xml:77:13-55
101            <intent-filter>
101-->src\main\AndroidManifest.xml:78:13-81:29
102                <action android:name="android.intent.action.MAIN" />
102-->src\main\AndroidManifest.xml:79:17-69
102-->src\main\AndroidManifest.xml:79:25-66
103
104                <category android:name="android.intent.category.LAUNCHER" />
104-->src\main\AndroidManifest.xml:80:17-77
104-->src\main\AndroidManifest.xml:80:27-74
105            </intent-filter>
106        </activity>
107        <activity
107-->src\main\AndroidManifest.xml:84:9-88:52
108            android:name="com.adsamcik.tracker.app.onboarding.ui.OnboardingActivity"
108-->src\main\AndroidManifest.xml:85:13-85
109            android:exported="false"
109-->src\main\AndroidManifest.xml:86:13-37
110            android:screenOrientation="portrait"
110-->src\main\AndroidManifest.xml:88:13-49
111            android:theme="@style/AppTheme" />
111-->src\main\AndroidManifest.xml:87:13-44
112        <activity
112-->src\main\AndroidManifest.xml:90:9-93:52
113            android:name="com.adsamcik.tracker.app.activity.licenses.ThirdPartyLicensesActivity"
113-->src\main\AndroidManifest.xml:91:13-97
114            android:exported="false"
114-->src\main\AndroidManifest.xml:92:13-37
115            android:screenOrientation="portrait" />
115-->src\main\AndroidManifest.xml:93:13-49
116        <activity
116-->src\main\AndroidManifest.xml:95:9-107:20
117            android:name="com.adsamcik.tracker.impexp.exporter.activity.ImportExportComposeActivity"
117-->src\main\AndroidManifest.xml:96:13-101
118            android:exported="false"
118-->src\main\AndroidManifest.xml:97:13-37
119            android:screenOrientation="portrait" >
119-->src\main\AndroidManifest.xml:98:13-49
120            <intent-filter>
120-->src\main\AndroidManifest.xml:99:13-106:29
121                <action android:name="android.intent.action.PICK" />
121-->src\main\AndroidManifest.xml:100:17-69
121-->src\main\AndroidManifest.xml:100:25-66
122
123                <category android:name="android.intent.category.DEFAULT" />
123-->src\main\AndroidManifest.xml:102:17-76
123-->src\main\AndroidManifest.xml:102:27-73
124                <category android:name="android.intent.category.OPENABLE" />
124-->src\main\AndroidManifest.xml:103:17-77
124-->src\main\AndroidManifest.xml:103:27-74
125
126                <data android:mimeType="application/zip" />
126-->src\main\AndroidManifest.xml:105:17-60
126-->src\main\AndroidManifest.xml:105:23-57
127            </intent-filter>
128        </activity>
129        <activity
129-->src\main\AndroidManifest.xml:109:9-112:52
130            android:name="com.adsamcik.tracker.app.activity.debug.CrashManagerActivity"
130-->src\main\AndroidManifest.xml:110:13-88
131            android:exported="false"
131-->src\main\AndroidManifest.xml:111:13-37
132            android:screenOrientation="portrait" />
132-->src\main\AndroidManifest.xml:112:13-49
133
134        <receiver
134-->src\main\AndroidManifest.xml:114:9-120:20
135            android:name="com.adsamcik.tracker.app.receiver.BootReceiver"
135-->src\main\AndroidManifest.xml:115:13-74
136            android:exported="false" >
136-->src\main\AndroidManifest.xml:116:13-37
137            <intent-filter>
137-->src\main\AndroidManifest.xml:117:13-119:29
138                <action android:name="android.intent.action.BOOT_COMPLETED" />
138-->src\main\AndroidManifest.xml:118:17-79
138-->src\main\AndroidManifest.xml:118:25-76
139            </intent-filter>
140        </receiver>
141        <receiver
141-->src\main\AndroidManifest.xml:121:9-127:20
142            android:name="com.adsamcik.tracker.app.receiver.OnAppUpdateReceiver"
142-->src\main\AndroidManifest.xml:122:13-81
143            android:exported="false" >
143-->src\main\AndroidManifest.xml:123:13-37
144            <intent-filter>
144-->src\main\AndroidManifest.xml:124:13-126:29
145                <action android:name="android.intent.action.MY_PACKAGE_REPLACED" />
145-->src\main\AndroidManifest.xml:125:17-84
145-->src\main\AndroidManifest.xml:125:25-81
146            </intent-filter>
147        </receiver>
148
149        <meta-data
149-->src\main\AndroidManifest.xml:129:9-131:37
150            android:name="firebase_crashlytics_collection_enabled"
150-->src\main\AndroidManifest.xml:130:13-67
151            android:value="false" />
151-->src\main\AndroidManifest.xml:131:13-34
152
153        <service
153-->[:tracker] AndroidManifest.xml:35:9-39:35
154            android:name="com.adsamcik.tracker.tracker.service.TrackerService"
154-->[:tracker] AndroidManifest.xml:36:13-79
155            android:exported="false"
155-->[:tracker] AndroidManifest.xml:37:13-37
156            android:foregroundServiceType="location" />
156-->[:tracker] AndroidManifest.xml:38:13-53
157        <service
157-->[:tracker] AndroidManifest.xml:40:9-47:19
158            android:name="com.adsamcik.tracker.tracker.service.ActivityWatcherService"
158-->[:tracker] AndroidManifest.xml:41:13-87
159            android:exported="false"
159-->[:tracker] AndroidManifest.xml:42:13-37
160            android:foregroundServiceType="specialUse" >
160-->[:tracker] AndroidManifest.xml:43:13-55
161            <property
161-->[:tracker] AndroidManifest.xml:44:13-46:54
162                android:name="android.app.PROPERTY_SPECIAL_USE_FGS_SUBTYPE"
162-->[:tracker] AndroidManifest.xml:45:17-76
163                android:value="ActivityMonitoring" />
163-->[:tracker] AndroidManifest.xml:46:17-51
164        </service>
165
166        <activity
166-->[:tracker] AndroidManifest.xml:49:9-52:45
167            android:name="com.adsamcik.tracker.tracker.shortcut.ShortcutActivity"
167-->[:tracker] AndroidManifest.xml:50:13-82
168            android:screenOrientation="portrait" />
168-->[:tracker] AndroidManifest.xml:51:13-49
169        <activity android:name="com.adsamcik.tracker.tracker.notification.NotificationManagementActivity" />
169-->[:tracker] AndroidManifest.xml:53:9-109
169-->[:tracker] AndroidManifest.xml:53:19-106
170
171        <receiver
171-->[:tracker] AndroidManifest.xml:55:9-61:20
172            android:name="com.adsamcik.tracker.tracker.receiver.TrackerNotificationReceiver"
172-->[:tracker] AndroidManifest.xml:56:13-93
173            android:exported="false" >
173-->[:tracker] AndroidManifest.xml:57:13-37
174            <intent-filter>
174-->[:tracker] AndroidManifest.xml:58:13-60:29
175                <action android:name="android.intent.action.MAIN" />
175-->src\main\AndroidManifest.xml:79:17-69
175-->src\main\AndroidManifest.xml:79:25-66
176            </intent-filter>
177        </receiver>
178        <receiver
178-->[:tracker] AndroidManifest.xml:62:9-64:40
179            android:name="com.adsamcik.tracker.tracker.receiver.TrackerTimeUnlockReceiver"
179-->[:tracker] AndroidManifest.xml:63:13-91
180            android:exported="false" />
180-->[:tracker] AndroidManifest.xml:64:13-37
181        <receiver
181-->[:tracker] AndroidManifest.xml:65:9-73:20
182            android:name="com.adsamcik.tracker.tracker.receiver.TrackerListenerRegistrationReceiver"
182-->[:tracker] AndroidManifest.xml:66:13-101
183            android:exported="false"
183-->[:tracker] AndroidManifest.xml:67:13-37
184            android:permission="com.adsamcik.tracker.debug.permission.TRACKER" >
184-->[:tracker] AndroidManifest.xml:68:13-69
185            <intent-filter>
185-->[:tracker] AndroidManifest.xml:69:13-72:29
186                <action android:name="com.adsamcik.tracker.listener.REGISTER" />
186-->[:tracker] AndroidManifest.xml:70:17-81
186-->[:tracker] AndroidManifest.xml:70:25-78
187                <action android:name="com.adsamcik.tracker.listener.UNREGISTER" />
187-->[:tracker] AndroidManifest.xml:71:17-83
187-->[:tracker] AndroidManifest.xml:71:25-80
188            </intent-filter>
189        </receiver>
190
191        <activity
191-->[:activity] AndroidManifest.xml:12:9-14:58
192            android:name="com.adsamcik.tracker.activity.ui.SessionActivityActivityCompose"
192-->[:activity] AndroidManifest.xml:13:13-91
193            android:windowSoftInputMode="adjustResize" />
193-->[:activity] AndroidManifest.xml:14:13-55
194        <activity android:name="com.adsamcik.tracker.app.activity.debug.LogViewerActivity" />
194-->[:activity] AndroidManifest.xml:15:9-94
194-->[:activity] AndroidManifest.xml:15:19-91
195
196        <receiver
196-->[:activity] AndroidManifest.xml:17:9-24:20
197            android:name="com.adsamcik.tracker.activity.receiver.ActivityReceiver"
197-->[:activity] AndroidManifest.xml:18:13-83
198            android:exported="false"
198-->[:activity] AndroidManifest.xml:19:13-37
199            android:permission="com.google.android.gms.permission.ACTIVITY_RECOGNITION" >
199-->[:activity] AndroidManifest.xml:20:13-88
200            <intent-filter>
200-->[:activity] AndroidManifest.xml:21:13-23:29
201                <action android:name="com.adsamcik.tracker.ACTIVITY_RESULT" />
201-->[:activity] AndroidManifest.xml:22:17-79
201-->[:activity] AndroidManifest.xml:22:25-76
202            </intent-filter>
203        </receiver>
204
205        <activity
205-->[:game] AndroidManifest.xml:19:9-22:48
206            android:name="com.adsamcik.tracker.game.ui.compose.HostTestActivity"
206-->[:game] AndroidManifest.xml:20:13-81
207            android:exported="false"
207-->[:game] AndroidManifest.xml:21:13-37
208            android:label="HostTestActivity" />
208-->[:game] AndroidManifest.xml:22:13-45
209        <activity android:name="com.adsamcik.tracker.statistics.detail.activity.StatsDetailActivity" />
209-->[:statistics] AndroidManifest.xml:18:9-104
209-->[:statistics] AndroidManifest.xml:18:19-101
210        <activity android:name="com.adsamcik.tracker.statistics.wifi.WifiBrowseActivity" />
210-->[:statistics] AndroidManifest.xml:19:9-92
210-->[:statistics] AndroidManifest.xml:19:19-89
211        <activity
211-->[com.google.android.gms:play-services-base:18.7.2] AndroidManifest.xml:20:9-22:45
212            android:name="com.google.android.gms.common.api.GoogleApiActivity"
212-->[com.google.android.gms:play-services-base:18.7.2] AndroidManifest.xml:20:19-85
213            android:exported="false"
213-->[com.google.android.gms:play-services-base:18.7.2] AndroidManifest.xml:22:19-43
214            android:theme="@android:style/Theme.Translucent.NoTitleBar" />
214-->[com.google.android.gms:play-services-base:18.7.2] AndroidManifest.xml:21:19-78
215
216        <meta-data
216-->[com.google.android.gms:play-services-basement:18.7.1] AndroidManifest.xml:21:9-23:69
217            android:name="com.google.android.gms.version"
217-->[com.google.android.gms:play-services-basement:18.7.1] AndroidManifest.xml:22:13-58
218            android:value="@integer/google_play_services_version" />
218-->[com.google.android.gms:play-services-basement:18.7.1] AndroidManifest.xml:23:13-66
219
220        <service
220-->[androidx.work:work-runtime:2.11.1] AndroidManifest.xml:39:9-45:35
221            android:name="androidx.work.impl.background.systemjob.SystemJobService"
221-->[androidx.work:work-runtime:2.11.1] AndroidManifest.xml:40:13-84
222            android:directBootAware="false"
222-->[androidx.work:work-runtime:2.11.1] AndroidManifest.xml:41:13-44
223            android:enabled="@bool/enable_system_job_service_default"
223-->[androidx.work:work-runtime:2.11.1] AndroidManifest.xml:42:13-70
224            android:exported="true"
224-->[androidx.work:work-runtime:2.11.1] AndroidManifest.xml:43:13-36
225            android:permission="android.permission.BIND_JOB_SERVICE" />
225-->[androidx.work:work-runtime:2.11.1] AndroidManifest.xml:44:13-69
226        <service
226-->[androidx.work:work-runtime:2.11.1] AndroidManifest.xml:46:9-52:35
227            android:name="androidx.work.impl.foreground.SystemForegroundService"
227-->[androidx.work:work-runtime:2.11.1] AndroidManifest.xml:47:13-81
228            android:directBootAware="false"
228-->[androidx.work:work-runtime:2.11.1] AndroidManifest.xml:48:13-44
229            android:enabled="@bool/enable_system_foreground_service_default"
229-->[androidx.work:work-runtime:2.11.1] AndroidManifest.xml:49:13-77
230            android:exported="false" />
230-->[androidx.work:work-runtime:2.11.1] AndroidManifest.xml:50:13-37
231
232        <receiver
232-->[androidx.work:work-runtime:2.11.1] AndroidManifest.xml:54:9-59:35
233            android:name="androidx.work.impl.utils.ForceStopRunnable$BroadcastReceiver"
233-->[androidx.work:work-runtime:2.11.1] AndroidManifest.xml:55:13-88
234            android:directBootAware="false"
234-->[androidx.work:work-runtime:2.11.1] AndroidManifest.xml:56:13-44
235            android:enabled="true"
235-->[androidx.work:work-runtime:2.11.1] AndroidManifest.xml:57:13-35
236            android:exported="false" />
236-->[androidx.work:work-runtime:2.11.1] AndroidManifest.xml:58:13-37
237        <receiver
237-->[androidx.work:work-runtime:2.11.1] AndroidManifest.xml:60:9-69:20
238            android:name="androidx.work.impl.background.systemalarm.RescheduleReceiver"
238-->[androidx.work:work-runtime:2.11.1] AndroidManifest.xml:61:13-88
239            android:directBootAware="false"
239-->[androidx.work:work-runtime:2.11.1] AndroidManifest.xml:62:13-44
240            android:enabled="false"
240-->[androidx.work:work-runtime:2.11.1] AndroidManifest.xml:63:13-36
241            android:exported="false" >
241-->[androidx.work:work-runtime:2.11.1] AndroidManifest.xml:64:13-37
242            <intent-filter>
242-->src\main\AndroidManifest.xml:117:13-119:29
243                <action android:name="android.intent.action.BOOT_COMPLETED" />
243-->src\main\AndroidManifest.xml:118:17-79
243-->src\main\AndroidManifest.xml:118:25-76
244            </intent-filter>
245        </receiver>
246        <receiver
246-->[androidx.work:work-runtime:2.11.1] AndroidManifest.xml:70:9-80:20
247            android:name="androidx.work.impl.diagnostics.DiagnosticsReceiver"
247-->[androidx.work:work-runtime:2.11.1] AndroidManifest.xml:71:13-78
248            android:directBootAware="false"
248-->[androidx.work:work-runtime:2.11.1] AndroidManifest.xml:72:13-44
249            android:enabled="true"
249-->[androidx.work:work-runtime:2.11.1] AndroidManifest.xml:73:13-35
250            android:exported="true"
250-->[androidx.work:work-runtime:2.11.1] AndroidManifest.xml:74:13-36
251            android:permission="android.permission.DUMP" >
251-->[androidx.work:work-runtime:2.11.1] AndroidManifest.xml:75:13-57
252            <intent-filter>
252-->[androidx.work:work-runtime:2.11.1] AndroidManifest.xml:77:13-79:29
253                <action android:name="androidx.work.diagnostics.REQUEST_DIAGNOSTICS" />
253-->[androidx.work:work-runtime:2.11.1] AndroidManifest.xml:78:17-88
253-->[androidx.work:work-runtime:2.11.1] AndroidManifest.xml:78:25-85
254            </intent-filter>
255        </receiver>
256
257        <service
257-->[androidx.room:room-runtime-android:2.8.4] AndroidManifest.xml:24:9-28:63
258            android:name="androidx.room.MultiInstanceInvalidationService"
258-->[androidx.room:room-runtime-android:2.8.4] AndroidManifest.xml:25:13-74
259            android:directBootAware="true"
259-->[androidx.room:room-runtime-android:2.8.4] AndroidManifest.xml:26:13-43
260            android:exported="false" />
260-->[androidx.room:room-runtime-android:2.8.4] AndroidManifest.xml:27:13-37
261
262        <activity
262-->[androidx.compose.ui:ui-tooling-android:1.10.3] AndroidManifest.xml:23:9-25:39
263            android:name="androidx.compose.ui.tooling.PreviewActivity"
263-->[androidx.compose.ui:ui-tooling-android:1.10.3] AndroidManifest.xml:24:13-71
264            android:exported="true" />
264-->[androidx.compose.ui:ui-tooling-android:1.10.3] AndroidManifest.xml:25:13-36
265
266        <provider
266-->[org.jetbrains.compose.components:components-resources-android:1.9.2] AndroidManifest.xml:8:9-13:20
267            android:name="org.jetbrains.compose.resources.AndroidContextProvider"
267-->[org.jetbrains.compose.components:components-resources-android:1.9.2] AndroidManifest.xml:9:13-82
268            android:authorities="com.adsamcik.tracker.debug.resources.AndroidContextProvider"
268-->[org.jetbrains.compose.components:components-resources-android:1.9.2] AndroidManifest.xml:10:13-84
269            android:enabled="true"
269-->[org.jetbrains.compose.components:components-resources-android:1.9.2] AndroidManifest.xml:11:13-35
270            android:exported="false" >
270-->[org.jetbrains.compose.components:components-resources-android:1.9.2] AndroidManifest.xml:12:13-37
271        </provider>
272
273        <uses-library
273-->[androidx.window:window:1.5.0] AndroidManifest.xml:23:9-25:40
274            android:name="androidx.window.extensions"
274-->[androidx.window:window:1.5.0] AndroidManifest.xml:24:13-54
275            android:required="false" />
275-->[androidx.window:window:1.5.0] AndroidManifest.xml:25:13-37
276        <uses-library
276-->[androidx.window:window:1.5.0] AndroidManifest.xml:26:9-28:40
277            android:name="androidx.window.sidecar"
277-->[androidx.window:window:1.5.0] AndroidManifest.xml:27:13-51
278            android:required="false" />
278-->[androidx.window:window:1.5.0] AndroidManifest.xml:28:13-37
279
280        <activity
280-->[androidx.compose.ui:ui-test-manifest:1.10.3] AndroidManifest.xml:23:9-26:79
281            android:name="androidx.activity.ComponentActivity"
281-->[androidx.compose.ui:ui-test-manifest:1.10.3] AndroidManifest.xml:24:13-63
282            android:exported="true"
282-->[androidx.compose.ui:ui-test-manifest:1.10.3] AndroidManifest.xml:25:13-36
283            android:theme="@android:style/Theme.Material.Light.NoActionBar" />
283-->[androidx.compose.ui:ui-test-manifest:1.10.3] AndroidManifest.xml:26:13-76
284
285        <receiver
285-->[androidx.profileinstaller:profileinstaller:1.4.0] AndroidManifest.xml:34:9-52:20
286            android:name="androidx.profileinstaller.ProfileInstallReceiver"
286-->[androidx.profileinstaller:profileinstaller:1.4.0] AndroidManifest.xml:35:13-76
287            android:directBootAware="false"
287-->[androidx.profileinstaller:profileinstaller:1.4.0] AndroidManifest.xml:36:13-44
288            android:enabled="true"
288-->[androidx.profileinstaller:profileinstaller:1.4.0] AndroidManifest.xml:37:13-35
289            android:exported="true"
289-->[androidx.profileinstaller:profileinstaller:1.4.0] AndroidManifest.xml:38:13-36
290            android:permission="android.permission.DUMP" >
290-->[androidx.profileinstaller:profileinstaller:1.4.0] AndroidManifest.xml:39:13-57
291            <intent-filter>
291-->[androidx.profileinstaller:profileinstaller:1.4.0] AndroidManifest.xml:40:13-42:29
292                <action android:name="androidx.profileinstaller.action.INSTALL_PROFILE" />
292-->[androidx.profileinstaller:profileinstaller:1.4.0] AndroidManifest.xml:41:17-91
292-->[androidx.profileinstaller:profileinstaller:1.4.0] AndroidManifest.xml:41:25-88
293            </intent-filter>
294            <intent-filter>
294-->[androidx.profileinstaller:profileinstaller:1.4.0] AndroidManifest.xml:43:13-45:29
295                <action android:name="androidx.profileinstaller.action.SKIP_FILE" />
295-->[androidx.profileinstaller:profileinstaller:1.4.0] AndroidManifest.xml:44:17-85
295-->[androidx.profileinstaller:profileinstaller:1.4.0] AndroidManifest.xml:44:25-82
296            </intent-filter>
297            <intent-filter>
297-->[androidx.profileinstaller:profileinstaller:1.4.0] AndroidManifest.xml:46:13-48:29
298                <action android:name="androidx.profileinstaller.action.SAVE_PROFILE" />
298-->[androidx.profileinstaller:profileinstaller:1.4.0] AndroidManifest.xml:47:17-88
298-->[androidx.profileinstaller:profileinstaller:1.4.0] AndroidManifest.xml:47:25-85
299            </intent-filter>
300            <intent-filter>
300-->[androidx.profileinstaller:profileinstaller:1.4.0] AndroidManifest.xml:49:13-51:29
301                <action android:name="androidx.profileinstaller.action.BENCHMARK_OPERATION" />
301-->[androidx.profileinstaller:profileinstaller:1.4.0] AndroidManifest.xml:50:17-95
301-->[androidx.profileinstaller:profileinstaller:1.4.0] AndroidManifest.xml:50:25-92
302            </intent-filter>
303        </receiver>
304    </application>
305
306</manifest>